[2025-03-12 00:42:02.188] INFO [16908] [ETL-Process] - === INICIANDO PROCESO ETL ===
[2025-03-12 00:42:02.188] INFO [16908] [ETL-Process] - Hora de inicio: 2025-03-12 00:42:02.188367
[2025-03-12 00:42:02.189] INFO [16908] [ETL-Process] - Iniciando proceso de extracción...
[2025-03-12 00:42:02.189] INFO [16908] [ETL-Process.Extract] - === INICIANDO PROCESO DE EXTRACCIÓN ===
[2025-03-12 00:42:02.192] INFO [16908] [ETL-Process.Extract] - Directorios verificados y creados si es necesario
[2025-03-12 00:42:02.192] INFO [16908] [ETL-Process.Extract] - Iniciando proceso de descarga de archivos Excel
[2025-03-12 00:42:02.194] INFO [16908] [ETL-Process.Extract] - Carpeta creada para descargas: c:\Users\rrojacam\Desktop\Proyectos\ETL-Asistencia\./data/downloads\data_probacionismo_20250312_004202
[2025-03-12 00:42:02.194] INFO [16908] [ETL-Process.Extract] - Procesando sede: Arequipa (Nivel 5)
[2025-03-12 00:42:02.194] INFO [16908] [ETL-Process.Extract] - Iniciando descarga para sede: Arequipa
[2025-03-12 00:42:08.115] INFO [16908] [ETL-Process.Extract] - Archivo Excel encontrado correctamente
[2025-03-12 00:42:08.117] INFO [16908] [ETL-Process.Extract] - Archivo descargado correctamente para Arequipa
[2025-03-12 00:42:08.118] INFO [16908] [ETL-Process.Extract] - Iniciando procesamiento del archivo Excel para sede: Arequipa
[2025-03-12 00:42:08.188] INFO [16908] [ETL-Process.Extract] - Copiando hoja: Probacionistas
[2025-03-12 00:42:08.671] INFO [16908] [ETL-Process.Extract] - Archivo procesado y guardado: Arequipa-5-20250312_004202.xlsx
[2025-03-12 00:42:08.672] INFO [16908] [ETL-Process.Extract] - Procesamiento exitoso para Arequipa
[2025-03-12 00:42:08.673] INFO [16908] [ETL-Process.Extract] - Procesando sede: Arequipa - Cerro Colorado (Nivel 1A)
[2025-03-12 00:42:08.673] INFO [16908] [ETL-Process.Extract] - Iniciando descarga para sede: Arequipa - Cerro Colorado
[2025-03-12 00:42:13.673] INFO [16908] [ETL-Process.Extract] - Archivo Excel encontrado correctamente
[2025-03-12 00:42:13.674] INFO [16908] [ETL-Process.Extract] - Archivo descargado correctamente para Arequipa - Cerro Colorado
[2025-03-12 00:42:13.675] INFO [16908] [ETL-Process.Extract] - Iniciando procesamiento del archivo Excel para sede: Arequipa - Cerro Colorado
[2025-03-12 00:42:13.740] INFO [16908] [ETL-Process.Extract] - Copiando hoja: Probacionistas
[2025-03-12 00:42:14.245] INFO [16908] [ETL-Process.Extract] - Archivo procesado y guardado: Arequipa_Cerro_Colorado-1A-20250312_004202.xlsx
[2025-03-12 00:42:14.246] INFO [16908] [ETL-Process.Extract] - Procesamiento exitoso para Arequipa - Cerro Colorado
[2025-03-12 00:42:14.247] INFO [16908] [ETL-Process.Extract] - Procesando sede: Arequipa - Lambramani (Nivel 1B)
[2025-03-12 00:42:14.247] INFO [16908] [ETL-Process.Extract] - Iniciando descarga para sede: Arequipa - Lambramani
[2025-03-12 00:42:18.527] INFO [16908] [ETL-Process.Extract] - Archivo Excel encontrado correctamente
[2025-03-12 00:42:18.528] INFO [16908] [ETL-Process.Extract] - Archivo descargado correctamente para Arequipa - Lambramani
[2025-03-12 00:42:18.528] INFO [16908] [ETL-Process.Extract] - Iniciando procesamiento del archivo Excel para sede: Arequipa - Lambramani
[2025-03-12 00:42:18.561] INFO [16908] [ETL-Process.Extract] - Copiando hoja: Probacionistas
[2025-03-12 00:42:18.979] INFO [16908] [ETL-Process.Extract] - Archivo procesado y guardado: Arequipa_Lambramani-1B-20250312_004202.xlsx
[2025-03-12 00:42:18.980] INFO [16908] [ETL-Process.Extract] - Procesamiento exitoso para Arequipa - Lambramani
[2025-03-12 00:42:18.980] INFO [16908] [ETL-Process.Extract] - Proceso de descarga completado. 3 de 3 archivos procesados
[2025-03-12 00:42:18.981] INFO [16908] [ETL-Process.Extract] - === PROCESO DE EXTRACCIÓN COMPLETADO (16.791 segundos) ===
[2025-03-12 00:42:18.981] INFO [16908] [ETL-Process] - Extracción completada en 16.792 segundos
[2025-03-12 00:42:18.981] INFO [16908] [ETL-Process] - Archivos guardados en: c:\Users\rrojacam\Desktop\Proyectos\ETL-Asistencia\./data/downloads\data_probacionismo_20250312_004202
[2025-03-12 00:42:18.982] INFO [16908] [ETL-Process] - Archivos descargados: ['Arequipa-5-20250312_004202.xlsx', 'Arequipa_Cerro_Colorado-1A-20250312_004202.xlsx', 'Arequipa_Lambramani-1B-20250312_004202.xlsx']
[2025-03-12 00:42:18.982] INFO [16908] [ETL-Process] - Iniciando proceso de transformación...
[2025-03-12 00:42:18.982] INFO [16908] [ETL-Process.Transform] - Iniciando proceso de transformación de datos
[2025-03-12 00:42:18.982] INFO [16908] [ETL-Process.Transform] - Procesando 3 archivos de c:\Users\rrojacam\Desktop\Proyectos\ETL-Asistencia\./data/downloads\data_probacionismo_20250312_004202
[2025-03-12 00:42:18.984] INFO [16908] [ETL-Process.Transform] - Iniciando procesamiento de 3 archivos
[2025-03-12 00:42:18.985] INFO [16908] [ETL-Process.Transform] - Procesando archivo: Arequipa-5-20250312_004202.xlsx
[2025-03-12 00:42:18.985] INFO [16908] [ETL-Process.Transform] - Procesando archivo: Arequipa-5-20250312_004202.xlsx, hoja: Probacionistas
[2025-03-12 00:42:19.005] INFO [16908] [ETL-Process.Transform] - Filtrados 1 registros pre-inscritos
[2025-03-12 00:42:19.007] INFO [16908] [ETL-Process.Transform] - Se eliminaron 80 filas vacías
[2025-03-12 00:42:19.013] INFO [16908] [ETL-Process.Transform] - Archivo Arequipa-5-20250312_004202.xlsx procesado exitosamente
[2025-03-12 00:42:19.014] INFO [16908] [ETL-Process.Transform] - Procesando archivo: Arequipa_Cerro_Colorado-1A-20250312_004202.xlsx
[2025-03-12 00:42:19.014] INFO [16908] [ETL-Process.Transform] - Procesando archivo: Arequipa_Cerro_Colorado-1A-20250312_004202.xlsx, hoja: Probacionistas
[2025-03-12 00:42:19.031] INFO [16908] [ETL-Process.Transform] - Filtrados 1 registros pre-inscritos
[2025-03-12 00:42:19.032] INFO [16908] [ETL-Process.Transform] - Se eliminaron 92 filas vacías
[2025-03-12 00:42:19.038] INFO [16908] [ETL-Process.Transform] - Archivo Arequipa_Cerro_Colorado-1A-20250312_004202.xlsx procesado exitosamente
[2025-03-12 00:42:19.039] INFO [16908] [ETL-Process.Transform] - Procesando archivo: Arequipa_Lambramani-1B-20250312_004202.xlsx
[2025-03-12 00:42:19.040] INFO [16908] [ETL-Process.Transform] - Procesando archivo: Arequipa_Lambramani-1B-20250312_004202.xlsx, hoja: Probacionistas
[2025-03-12 00:42:19.057] INFO [16908] [ETL-Process.Transform] - Filtrados 0 registros pre-inscritos
[2025-03-12 00:42:19.058] INFO [16908] [ETL-Process.Transform] - Se eliminaron 87 filas vacías
[2025-03-12 00:42:19.062] INFO [16908] [ETL-Process.Transform] - Archivo Arequipa_Lambramani-1B-20250312_004202.xlsx procesado exitosamente
[2025-03-12 00:42:19.062] INFO [16908] [ETL-Process.Transform] - Combinando resultados de todos los archivos
[2025-03-12 00:42:19.063] INFO [16908] [ETL-Process.Transform] - Transformando estructura de datos (unpivot)
[2025-03-12 00:42:19.067] INFO [16908] [ETL-Process.Transform] - Transformación completada. Shape final: (96, 7)
[2025-03-12 00:42:19.067] INFO [16908] [ETL-Process.Transform] - Guardando resultados en transformado_2025-03-12-00-42-19.xlsx
[2025-03-12 00:42:19.086] INFO [16908] [ETL-Process.Transform] - Archivo transformado guardado exitosamente
[2025-03-12 00:42:19.086] INFO [16908] [ETL-Process] - Transformación completada en 0.104 segundos
[2025-03-12 00:42:19.087] INFO [16908] [ETL-Process] - Archivo generado: c:\Users\rrojacam\Desktop\Proyectos\ETL-Asistencia\./data/processed\transformado_2025-03-12-00-42-19.xlsx
[2025-03-12 00:42:19.087] INFO [16908] [ETL-Process] - Iniciando proceso de carga...
[2025-03-12 00:42:19.087] INFO [16908] [ETL-Process.Load] - === INICIANDO PROCESO DE CARGA ===
[2025-03-12 00:42:19.087] INFO [16908] [ETL-Process.Load] - Iniciando carga de datos desde: transformado_2025-03-12-00-42-19.xlsx
[2025-03-12 00:42:19.097] INFO [16908] [ETL-Process.Load] - Datos leídos del Excel, shape: (96, 7)
[2025-03-12 00:42:19.097] INFO [16908] [ETL-Process.Load] - Configurando cliente de Google Sheets
[2025-03-12 00:42:19.129] INFO [16908] [ETL-Process.Load] - Cliente de Google Sheets configurado exitosamente
[2025-03-12 00:42:19.130] INFO [16908] [ETL-Process.Load] - Conectando con Google Sheet ID: 1KyRGrnkql19dQYnnPxmecLd3hQ7Cn2fLJ8BOBLHKtMA
[2025-03-12 00:42:20.418] INFO [16908] [ETL-Process.Load] - Preparando datos para la carga
[2025-03-12 00:42:20.421] INFO [16908] [ETL-Process.Load] - Limpiando contenido existente en Google Sheets
[2025-03-12 00:42:20.756] INFO [16908] [ETL-Process.Load] - Cargando 96 filas de datos
[2025-03-12 00:42:21.699] INFO [16908] [ETL-Process.Load] - Datos cargados exitosamente en: https://docs.google.com/spreadsheets/d/1KyRGrnkql19dQYnnPxmecLd3hQ7Cn2fLJ8BOBLHKtMA
[2025-03-12 00:42:21.700] INFO [16908] [ETL-Process.Load] - === PROCESO DE CARGA COMPLETADO EXITOSAMENTE ===
[2025-03-12 00:42:21.700] INFO [16908] [ETL-Process] - Proceso de carga completado en 2.613 segundos
[2025-03-12 00:42:21.701] INFO [16908] [ETL-Process] - === PROCESO ETL COMPLETADO ===
[2025-03-12 00:42:21.701] INFO [16908] [ETL-Process] - Hora de finalización: 2025-03-12 00:42:21.701430
[2025-03-12 00:42:21.702] INFO [16908] [ETL-Process] - Duración total: 19.513 segundos
